# JRE version: Java(TM) SE Runtime Environment (8.0_144-b01) (build 1.8.0_144-b01)
# Java VM: Java HotSpot(TM) 64-Bit Server VM (25.144-b01 mixed mode windows-amd64 compressed oops)
Heap:
 PSYoungGen      total 465920K, used 3125K [0x00000000e0000000, 0x0000000100000000, 0x0000000100000000)
  eden space 425472K, 0% used [0x00000000e0000000,0x00000000e030d738,0x00000000f9f80000)
  from space 40448K, 0% used [0x00000000f9f80000,0x00000000f9f80000,0x00000000fc700000)
  to   space 52736K, 0% used [0x00000000fcc80000,0x00000000fcc80000,0x0000000100000000)
 ParOldGen       total 269312K, used 86574K [0x00000000a0000000, 0x00000000b0700000, 0x00000000e0000000)
  object space 269312K, 32% used [0x00000000a0000000,0x00000000a548b940,0x00000000b0700000)
 Metaspace       used 148940K, capacity 155166K, committed 164336K, reserved 1191936K
  class space    used 18421K, capacity 19715K, committed 20992K, reserved 1048576K
GC Heap History (10 events):
Event: 4278.358 GC heap before
{Heap before GC invocations=192 (full 4):
 PSYoungGen      total 438272K, used 421904K [0x00000000e0000000, 0x00000000fc780000, 0x0000000100000000)
  eden space 416768K, 100% used [0x00000000e0000000,0x00000000f9700000,0x00000000f9700000)
  from space 21504K, 23% used [0x00000000f9700000,0x00000000f9c04010,0x00000000fac00000)
  to   space 20480K, 0% used [0x00000000fb380000,0x00000000fb380000,0x00000000fc780000)
 ParOldGen       total 184832K, used 129280K [0x00000000a0000000, 0x00000000ab480000, 0x00000000e0000000)
  object space 184832K, 69% used [0x00000000a0000000,0x00000000a7e401d8,0x00000000ab480000)
 Metaspace       used 149060K, capacity 156564K, committed 156800K, reserved 1185792K
  class space    used 18482K, capacity 20090K, committed 20096K, reserved 1048576K
Event: 4278.386 GC heap after
Heap after GC invocations=192 (full 4):
 PSYoungGen      total 438784K, used 20460K [0x00000000e0000000, 0x00000000fd980000, 0x0000000100000000)
  eden space 418304K, 0% used [0x00000000e0000000,0x00000000e0000000,0x00000000f9880000)
  from space 20480K, 99% used [0x00000000fb380000,0x00000000fc77b380,0x00000000fc780000)
  to   space 27648K, 0% used [0x00000000f9880000,0x00000000f9880000,0x00000000fb380000)
 ParOldGen       total 184832K, used 138561K [0x00000000a0000000, 0x00000000ab480000, 0x00000000e0000000)
  object space 184832K, 74% used [0x00000000a0000000,0x00000000a87506e0,0x00000000ab480000)
 Metaspace       used 149060K, capacity 156564K, committed 156800K, reserved 1185792K
  class space    used 18482K, capacity 20090K, committed 20096K, reserved 1048576K
}
Event: 4853.254 GC heap before
{Heap before GC invocations=193 (full 4):
 PSYoungGen      total 438784K, used 438764K [0x00000000e0000000, 0x00000000fd980000, 0x0000000100000000)
  eden space 418304K, 100% used [0x00000000e0000000,0x00000000f9880000,0x00000000f9880000)
  from space 20480K, 99% used [0x00000000fb380000,0x00000000fc77b380,0x00000000fc780000)
  to   space 27648K, 0% used [0x00000000f9880000,0x00000000f9880000,0x00000000fb380000)
 ParOldGen       total 184832K, used 138561K [0x00000000a0000000, 0x00000000ab480000, 0x00000000e0000000)
  object space 184832K, 74% used [0x00000000a0000000,0x00000000a87506e0,0x00000000ab480000)
 Metaspace       used 152014K, capacity 159678K, committed 159744K, reserved 1187840K
  class space    used 18849K, capacity 20443K, committed 20480K, reserved 1048576K
Event: 4853.289 GC heap after
Heap after GC invocations=193 (full 4):
 PSYoungGen      total 445952K, used 27629K [0x00000000e0000000, 0x00000000feb80000, 0x0000000100000000)
  eden space 418304K, 0% used [0x00000000e0000000,0x00000000e0000000,0x00000000f9880000)
  from space 27648K, 99% used [0x00000000f9880000,0x00000000fb37b558,0x00000000fb380000)
  to   space 37376K, 0% used [0x00000000fc700000,0x00000000fc700000,0x00000000feb80000)
 ParOldGen       total 184832K, used 151158K [0x00000000a0000000, 0x00000000ab480000, 0x00000000e0000000)
  object space 184832K, 81% used [0x00000000a0000000,0x00000000a939d850,0x00000000ab480000)
 Metaspace       used 152014K, capacity 159678K, committed 159744K, reserved 1187840K
  class space    used 18849K, capacity 20443K, committed 20480K, reserved 1048576K
}
Event: 4860.376 GC heap before
{Heap before GC invocations=194 (full 4):
 PSYoungGen      total 445952K, used 445933K [0x00000000e0000000, 0x00000000feb80000, 0x0000000100000000)
  eden space 418304K, 100% used [0x00000000e0000000,0x00000000f9880000,0x00000000f9880000)
  from space 27648K, 99% used [0x00000000f9880000,0x00000000fb37b558,0x00000000fb380000)
  to   space 37376K, 0% used [0x00000000fc700000,0x00000000fc700000,0x00000000feb80000)
 ParOldGen       total 184832K, used 151158K [0x00000000a0000000, 0x00000000ab480000, 0x00000000e0000000)
  object space 184832K, 81% used [0x00000000a0000000,0x00000000a939d850,0x00000000ab480000)
 Metaspace       used 152014K, capacity 159678K, committed 159744K, reserved 1187840K
  class space    used 18849K, capacity 20443K, committed 20480K, reserved 1048576K
Event: 4860.397 GC heap after
Heap after GC invocations=194 (full 4):
 PSYoungGen      total 462848K, used 27532K [0x00000000e0000000, 0x00000000ff300000, 0x0000000100000000)
  eden space 425472K, 0% used [0x00000000e0000000,0x00000000e0000000,0x00000000f9f80000)
  from space 37376K, 73% used [0x00000000fc700000,0x00000000fe1e33a0,0x00000000feb80000)
  to   space 40448K, 0% used [0x00000000f9f80000,0x00000000f9f80000,0x00000000fc700000)
 ParOldGen       total 184832K, used 151246K [0x00000000a0000000, 0x00000000ab480000, 0x00000000e0000000)
  object space 184832K, 81% used [0x00000000a0000000,0x00000000a93b3870,0x00000000ab480000)
 Metaspace       used 152014K, capacity 159678K, committed 159744K, reserved 1187840K
  class space    used 18849K, capacity 20443K, committed 20480K, reserved 1048576K
}
Event: 4864.159 GC heap before
{Heap before GC invocations=195 (full 4):
 PSYoungGen      total 462848K, used 331797K [0x00000000e0000000, 0x00000000ff300000, 0x0000000100000000)
  eden space 425472K, 71% used [0x00000000e0000000,0x00000000f2922098,0x00000000f9f80000)
  from space 37376K, 73% used [0x00000000fc700000,0x00000000fe1e33a0,0x00000000feb80000)
  to   space 40448K, 0% used [0x00000000f9f80000,0x00000000f9f80000,0x00000000fc700000)
 ParOldGen       total 184832K, used 151246K [0x00000000a0000000, 0x00000000ab480000, 0x00000000e0000000)
  object space 184832K, 81% used [0x00000000a0000000,0x00000000a93b3870,0x00000000ab480000)
 Metaspace       used 156544K, capacity 164106K, committed 164336K, reserved 1191936K
  class space    used 19369K, capacity 20963K, committed 20992K, reserved 1048576K
Event: 4864.195 GC heap after
Heap after GC invocations=195 (full 4):
 PSYoungGen      total 465920K, used 40445K [0x00000000e0000000, 0x0000000100000000, 0x0000000100000000)
  eden space 425472K, 0% used [0x00000000e0000000,0x00000000e0000000,0x00000000f9f80000)
  from space 40448K, 99% used [0x00000000f9f80000,0x00000000fc6ff7c8,0x00000000fc700000)
  to   space 52736K, 0% used [0x00000000fcc80000,0x00000000fcc80000,0x0000000100000000)
 ParOldGen       total 184832K, used 165559K [0x00000000a0000000, 0x00000000ab480000, 0x00000000e0000000)
  object space 184832K, 89% used [0x00000000a0000000,0x00000000aa1adfb0,0x00000000ab480000)
 Metaspace       used 156544K, capacity 164106K, committed 164336K, reserved 1191936K
  class space    used 19369K, capacity 20963K, committed 20992K, reserved 1048576K
}
Event: 4864.195 GC heap before
{Heap before GC invocations=196 (full 5):
 PSYoungGen      total 465920K, used 40445K [0x00000000e0000000, 0x0000000100000000, 0x0000000100000000)
  eden space 425472K, 0% used [0x00000000e0000000,0x00000000e0000000,0x00000000f9f80000)
  from space 40448K, 99% used [0x00000000f9f80000,0x00000000fc6ff7c8,0x00000000fc700000)
  to   space 52736K, 0% used [0x00000000fcc80000,0x00000000fcc80000,0x0000000100000000)
 ParOldGen       total 184832K, used 165559K [0x00000000a0000000, 0x00000000ab480000, 0x00000000e0000000)
  object space 184832K, 89% used [0x00000000a0000000,0x00000000aa1adfb0,0x00000000ab480000)
 Metaspace       used 156544K, capacity 164106K, committed 164336K, reserved 1191936K
  class space    used 19369K, capacity 20963K, committed 20992K, reserved 1048576K
Event: 4865.038 GC heap after
Heap after GC invocations=196 (full 5):
 PSYoungGen      total 465920K, used 0K [0x00000000e0000000, 0x0000000100000000, 0x0000000100000000)
  eden space 425472K, 0% used [0x00000000e0000000,0x00000000e0000000,0x00000000f9f80000)
  from space 40448K, 0% used [0x00000000f9f80000,0x00000000f9f80000,0x00000000fc700000)
  to   space 52736K, 0% used [0x00000000fcc80000,0x00000000fcc80000,0x0000000100000000)
 ParOldGen       total 269312K, used 86574K [0x00000000a0000000, 0x00000000b0700000, 0x00000000e0000000)
  object space 269312K, 32% used [0x00000000a0000000,0x00000000a548b940,0x00000000b0700000)
 Metaspace       used 148682K, capacity 154878K, committed 164336K, reserved 1191936K
  class space    used 18393K, capacity 19683K, committed 20992K, reserved 1048576K
}

